<?xml version="1.0" encoding="UTF-8"?>
<testsuite errors="0" failures="0" name="All is correct" file="/home/data/www/jeff/github/BehatWizard/testing/unit/resources/fixtures/features/all-correct.feature" tests="15" time="0.006994">
    <testcase classname="All is correct" name="all-ok - correct scenario 1" time="0.002044">
    </testcase>
    <testcase classname="All is correct" name="all-ok - correct scenario 2" time="0.001261">
    </testcase>
    <testcase classname="All is correct" name="all-ok - correct scenario 3" time="0.001252">
    </testcase>
    <testcase classname="All is correct" name="all-ok - correct scenario 4" time="0.001253">
    </testcase>
</testsuite>
